CRITICAL - 2023-05-18 08:50:49 --> Undefined variable: title
in APPPATH\Views\advt_entry\add.php on line 8.
 1 APPPATH\Views\advt_entry\add.php(8): CodeIgniter\Debug\Exceptions->errorHandler(8, 'Undefined variable: title', 'D:\\SOFTWARE\\xampp\\htdocs\\apsc_advt\\app\\Views\\advt_entry\\add.php', 8, [])
 2 SYSTEMPATH\View\View.php(213): include('D:\\SOFTWARE\\xampp\\htdocs\\apsc_advt\\app\\Views\\advt_entry\\add.php')
 3 SYSTEMPATH\View\View.php(216): CodeIgniter\View\View->CodeIgniter\View\{closure}()
 4 SYSTEMPATH\Common.php(1184): CodeIgniter\View\View->render('advt_entry/add', [], true)
 5 APPPATH\Controllers\Advertisements.php(14): view('advt_entry/add')
 6 SYSTEMPATH\CodeIgniter.php(934): App\Controllers\Advertisements->create()
 7 SYSTEMPATH\CodeIgniter.php(499): CodeIgniter\CodeIgniter->runController(Object(App\Controllers\Advertisements))
 8 SYSTEMPATH\CodeIgniter.php(368): CodeIgniter\CodeIgniter->handleRequest(null, Object(Config\Cache), false)
 9 FCPATH\index.php(67): CodeIgniter\CodeIgniter->run()
INFO - 2023-05-18 08:51:51 --> Session: Class initialized using 'CodeIgniter\Session\Handlers\FileHandler' driver.
INFO - 2023-05-18 08:56:21 --> CSRF token verified.
ERROR - 2023-05-18 08:56:25 --> Error connecting to the database: mysqli_sql_exception: No connection could be made because the target machine actively refused it.
 in D:\SOFTWARE\xampp\htdocs\apsc_advt\system\Database\MySQLi\Connection.php:174
Stack trace:
#0 D:\SOFTWARE\xampp\htdocs\apsc_advt\system\Database\MySQLi\Connection.php(174): mysqli->real_connect('localhost', 'root', '', 'ci_crud', 3306, '', 0)
#1 D:\SOFTWARE\xampp\htdocs\apsc_advt\system\Database\BaseConnection.php(391): CodeIgniter\Database\MySQLi\Connection->connect(false)
#2 D:\SOFTWARE\xampp\htdocs\apsc_advt\system\Database\BaseConnection.php(574): CodeIgniter\Database\BaseConnection->initialize()
#3 D:\SOFTWARE\xampp\htdocs\apsc_advt\system\Database\BaseBuilder.php(2309): CodeIgniter\Database\BaseConnection->query('INSERT INTO `ad...', Array, false)
#4 D:\SOFTWARE\xampp\htdocs\apsc_advt\system\Model.php(330): CodeIgniter\Database\BaseBuilder->insert()
#5 D:\SOFTWARE\xampp\htdocs\apsc_advt\system\BaseModel.php(782): CodeIgniter\Model->doInsert(Array)
#6 D:\SOFTWARE\xampp\htdocs\apsc_advt\system\Model.php(730): CodeIgniter\BaseModel->insert(Array, false)
#7 D:\SOFTWARE\xampp\htdocs\apsc_advt\system\BaseModel.php(692): CodeIgniter\Model->insert(Array, false)
#8 D:\SOFTWARE\xampp\htdocs\apsc_advt\app\Controllers\Advertisements.php(24): CodeIgniter\BaseModel->save(Array)
#9 D:\SOFTWARE\xampp\htdocs\apsc_advt\system\CodeIgniter.php(934): App\Controllers\Advertisements->add()
#10 D:\SOFTWARE\xampp\htdocs\apsc_advt\system\CodeIgniter.php(499): CodeIgniter\CodeIgniter->runController(Object(App\Controllers\Advertisements))
#11 D:\SOFTWARE\xampp\htdocs\apsc_advt\system\CodeIgniter.php(368): CodeIgniter\CodeIgniter->handleRequest(NULL, Object(Config\Cache), false)
#12 D:\SOFTWARE\xampp\htdocs\apsc_advt\public\index.php(67): CodeIgniter\CodeIgniter->run()
#13 {main}

Next CodeIgniter\Database\Exceptions\DatabaseException: No connection could be made because the target machine actively refused it.
 in D:\SOFTWARE\xampp\htdocs\apsc_advt\system\Database\MySQLi\Connection.php:218
Stack trace:
#0 D:\SOFTWARE\xampp\htdocs\apsc_advt\system\Database\BaseConnection.php(391): CodeIgniter\Database\MySQLi\Connection->connect(false)
#1 D:\SOFTWARE\xampp\htdocs\apsc_advt\system\Database\BaseConnection.php(574): CodeIgniter\Database\BaseConnection->initialize()
#2 D:\SOFTWARE\xampp\htdocs\apsc_advt\system\Database\BaseBuilder.php(2309): CodeIgniter\Database\BaseConnection->query('INSERT INTO `ad...', Array, false)
#3 D:\SOFTWARE\xampp\htdocs\apsc_advt\system\Model.php(330): CodeIgniter\Database\BaseBuilder->insert()
#4 D:\SOFTWARE\xampp\htdocs\apsc_advt\system\BaseModel.php(782): CodeIgniter\Model->doInsert(Array)
#5 D:\SOFTWARE\xampp\htdocs\apsc_advt\system\Model.php(730): CodeIgniter\BaseModel->insert(Array, false)
#6 D:\SOFTWARE\xampp\htdocs\apsc_advt\system\BaseModel.php(692): CodeIgniter\Model->insert(Array, false)
#7 D:\SOFTWARE\xampp\htdocs\apsc_advt\app\Controllers\Advertisements.php(24): CodeIgniter\BaseModel->save(Array)
#8 D:\SOFTWARE\xampp\htdocs\apsc_advt\system\CodeIgniter.php(934): App\Controllers\Advertisements->add()
#9 D:\SOFTWARE\xampp\htdocs\apsc_advt\system\CodeIgniter.php(499): CodeIgniter\CodeIgniter->runController(Object(App\Controllers\Advertisements))
#10 D:\SOFTWARE\xampp\htdocs\apsc_advt\system\CodeIgniter.php(368): CodeIgniter\CodeIgniter->handleRequest(NULL, Object(Config\Cache), false)
#11 D:\SOFTWARE\xampp\htdocs\apsc_advt\public\index.php(67): CodeIgniter\CodeIgniter->run()
#12 {main}
CRITICAL - 2023-05-18 08:56:25 --> Unable to connect to the database.
Main connection [MySQLi]: No connection could be made because the target machine actively refused it.

in SYSTEMPATH\Database\BaseConnection.php on line 427.
 1 SYSTEMPATH\Database\BaseConnection.php(574): CodeIgniter\Database\BaseConnection->initialize()
 2 SYSTEMPATH\Database\BaseBuilder.php(2309): CodeIgniter\Database\BaseConnection->query('INSERT INTO `advertisements` (`advt_no`, `postname`, `total_posts`) VALUES (:advt_no:, :postname:, :total_posts:)', [...], false)
 3 SYSTEMPATH\Model.php(330): CodeIgniter\Database\BaseBuilder->insert()
 4 SYSTEMPATH\BaseModel.php(782): CodeIgniter\Model->doInsert([...])
 5 SYSTEMPATH\Model.php(730): CodeIgniter\BaseModel->insert([...], false)
 6 SYSTEMPATH\BaseModel.php(692): CodeIgniter\Model->insert([...], false)
 7 APPPATH\Controllers\Advertisements.php(24): CodeIgniter\BaseModel->save([...])
 8 SYSTEMPATH\CodeIgniter.php(934): App\Controllers\Advertisements->add()
 9 SYSTEMPATH\CodeIgniter.php(499): CodeIgniter\CodeIgniter->runController(Object(App\Controllers\Advertisements))
10 SYSTEMPATH\CodeIgniter.php(368): CodeIgniter\CodeIgniter->handleRequest(null, Object(Config\Cache), false)
11 FCPATH\index.php(67): CodeIgniter\CodeIgniter->run()
INFO - 2023-05-18 08:57:01 --> CSRF token verified.
ERROR - 2023-05-18 08:57:02 --> mysqli_sql_exception: MySQL server has gone away in D:\SOFTWARE\xampp\htdocs\apsc_advt\system\Database\MySQLi\Connection.php:295
Stack trace:
#0 D:\SOFTWARE\xampp\htdocs\apsc_advt\system\Database\MySQLi\Connection.php(295): mysqli->query('INSERT INTO `ad...', 0)
#1 D:\SOFTWARE\xampp\htdocs\apsc_advt\system\Database\BaseConnection.php(692): CodeIgniter\Database\MySQLi\Connection->execute('INSERT INTO `ad...')
#2 D:\SOFTWARE\xampp\htdocs\apsc_advt\system\Database\BaseConnection.php(606): CodeIgniter\Database\BaseConnection->simpleQuery('INSERT INTO `ad...')
#3 D:\SOFTWARE\xampp\htdocs\apsc_advt\system\Database\BaseBuilder.php(2309): CodeIgniter\Database\BaseConnection->query('INSERT INTO `ad...', Array, false)
#4 D:\SOFTWARE\xampp\htdocs\apsc_advt\system\Model.php(330): CodeIgniter\Database\BaseBuilder->insert()
#5 D:\SOFTWARE\xampp\htdocs\apsc_advt\system\BaseModel.php(782): CodeIgniter\Model->doInsert(Array)
#6 D:\SOFTWARE\xampp\htdocs\apsc_advt\system\Model.php(730): CodeIgniter\BaseModel->insert(Array, false)
#7 D:\SOFTWARE\xampp\htdocs\apsc_advt\system\BaseModel.php(692): CodeIgniter\Model->insert(Array, false)
#8 D:\SOFTWARE\xampp\htdocs\apsc_advt\app\Controllers\Advertisements.php(24): CodeIgniter\BaseModel->save(Array)
#9 D:\SOFTWARE\xampp\htdocs\apsc_advt\system\CodeIgniter.php(934): App\Controllers\Advertisements->add()
#10 D:\SOFTWARE\xampp\htdocs\apsc_advt\system\CodeIgniter.php(499): CodeIgniter\CodeIgniter->runController(Object(App\Controllers\Advertisements))
#11 D:\SOFTWARE\xampp\htdocs\apsc_advt\system\CodeIgniter.php(368): CodeIgniter\CodeIgniter->handleRequest(NULL, Object(Config\Cache), false)
#12 D:\SOFTWARE\xampp\htdocs\apsc_advt\public\index.php(67): CodeIgniter\CodeIgniter->run()
#13 {main}
CRITICAL - 2023-05-18 08:57:02 --> MySQL server has gone away
in SYSTEMPATH\Database\MySQLi\Connection.php on line 295.
 1 SYSTEMPATH\Database\MySQLi\Connection.php(295): mysqli->query('INSERT INTO `advertisements` (`advt_no`, `postname`, `total_posts`) VALUES (\'14/2023\', \'cce\', \'1000\')', 0)
 2 SYSTEMPATH\Database\BaseConnection.php(692): CodeIgniter\Database\MySQLi\Connection->execute('INSERT INTO `advertisements` (`advt_no`, `postname`, `total_posts`) VALUES (\'14/2023\', \'cce\', \'1000\')')
 3 SYSTEMPATH\Database\BaseConnection.php(606): CodeIgniter\Database\BaseConnection->simpleQuery('INSERT INTO `advertisements` (`advt_no`, `postname`, `total_posts`) VALUES (\'14/2023\', \'cce\', \'1000\')')
 4 SYSTEMPATH\Database\BaseBuilder.php(2309): CodeIgniter\Database\BaseConnection->query('INSERT INTO `advertisements` (`advt_no`, `postname`, `total_posts`) VALUES (:advt_no:, :postname:, :total_posts:)', [...], false)
 5 SYSTEMPATH\Model.php(330): CodeIgniter\Database\BaseBuilder->insert()
 6 SYSTEMPATH\BaseModel.php(782): CodeIgniter\Model->doInsert([...])
 7 SYSTEMPATH\Model.php(730): CodeIgniter\BaseModel->insert([...], false)
 8 SYSTEMPATH\BaseModel.php(692): CodeIgniter\Model->insert([...], false)
 9 APPPATH\Controllers\Advertisements.php(24): CodeIgniter\BaseModel->save([...])
10 SYSTEMPATH\CodeIgniter.php(934): App\Controllers\Advertisements->add()
11 SYSTEMPATH\CodeIgniter.php(499): CodeIgniter\CodeIgniter->runController(Object(App\Controllers\Advertisements))
12 SYSTEMPATH\CodeIgniter.php(368): CodeIgniter\CodeIgniter->handleRequest(null, Object(Config\Cache), false)
13 FCPATH\index.php(67): CodeIgniter\CodeIgniter->run()
INFO - 2023-05-18 10:50:25 --> Session: Class initialized using 'CodeIgniter\Session\Handlers\FileHandler' driver.
INFO - 2023-05-18 10:50:27 --> CSRF token verified.
INFO - 2023-05-18 10:50:27 --> Session: Class initialized using 'CodeIgniter\Session\Handlers\FileHandler' driver.
INFO - 2023-05-18 10:50:27 --> Session: Class initialized using 'CodeIgniter\Session\Handlers\FileHandler' driver.
