INFO - 2023-06-22 05:15:04 --> Session: Class initialized using 'CodeIgniter\Session\Handlers\FileHandler' driver.
INFO - 2023-06-22 05:15:04 --> Session: Class initialized using 'CodeIgniter\Session\Handlers\FileHandler' driver.
INFO - 2023-06-22 05:16:29 --> Session: Class initialized using 'CodeIgniter\Session\Handlers\FileHandler' driver.
INFO - 2023-06-22 05:17:10 --> Session: Class initialized using 'CodeIgniter\Session\Handlers\FileHandler' driver.
INFO - 2023-06-22 05:17:16 --> Session: Class initialized using 'CodeIgniter\Session\Handlers\FileHandler' driver.
INFO - 2023-06-22 05:17:20 --> Session: Class initialized using 'CodeIgniter\Session\Handlers\FileHandler' driver.
INFO - 2023-06-22 05:17:21 --> Session: Class initialized using 'CodeIgniter\Session\Handlers\FileHandler' driver.
CRITICAL - 2023-06-22 12:10:55 --> Undefined variable $title
in APPPATH\Views\add_test.php on line 11.
 1 APPPATH\Views\add_test.php(11): CodeIgniter\Debug\Exceptions->errorHandler(2, 'Undefined variable $title', 'C:\\wamp64\\www\\apsc_advt\\app\\Views\\add_test.php', 11)
 2 SYSTEMPATH\View\View.php(213): include('C:\\wamp64\\www\\apsc_advt\\app\\Views\\add_test.php')
 3 SYSTEMPATH\View\View.php(216): CodeIgniter\View\View->CodeIgniter\View\{closure}()
 4 SYSTEMPATH\Common.php(1184): CodeIgniter\View\View->render('add_test', [], true)
 5 APPPATH\Controllers\PostTests.php(20): view('add_test')
 6 SYSTEMPATH\CodeIgniter.php(934): App\Controllers\PostTests->testEntry()
 7 SYSTEMPATH\CodeIgniter.php(499): CodeIgniter\CodeIgniter->runController(Object(App\Controllers\PostTests))
 8 SYSTEMPATH\CodeIgniter.php(368): CodeIgniter\CodeIgniter->handleRequest(null, Object(Config\Cache), false)
 9 FCPATH\index.php(67): CodeIgniter\CodeIgniter->run()
CRITICAL - 2023-06-22 12:12:41 --> Call to undefined function form_open()
in APPPATH\Views\add_test.php on line 30.
 1 SYSTEMPATH\View\View.php(213): include()
 2 SYSTEMPATH\View\View.php(216): CodeIgniter\View\View->CodeIgniter\View\{closure}()
 3 SYSTEMPATH\Common.php(1184): CodeIgniter\View\View->render('add_test', [], true)
 4 APPPATH\Controllers\PostTests.php(23): view('add_test', [...])
 5 SYSTEMPATH\CodeIgniter.php(934): App\Controllers\PostTests->testEntry()
 6 SYSTEMPATH\CodeIgniter.php(499): CodeIgniter\CodeIgniter->runController(Object(App\Controllers\PostTests))
 7 SYSTEMPATH\CodeIgniter.php(368): CodeIgniter\CodeIgniter->handleRequest(null, Object(Config\Cache), false)
 8 FCPATH\index.php(67): CodeIgniter\CodeIgniter->run()
INFO - 2023-06-22 12:13:56 --> Session: Class initialized using 'CodeIgniter\Session\Handlers\FileHandler' driver.
CRITICAL - 2023-06-22 12:13:56 --> Undefined variable $session
in APPPATH\Views\add_test.php on line 44.
 1 APPPATH\Views\add_test.php(44): CodeIgniter\Debug\Exceptions->errorHandler(2, 'Undefined variable $session', 'C:\\wamp64\\www\\apsc_advt\\app\\Views\\add_test.php', 44)
 2 SYSTEMPATH\View\View.php(213): include('C:\\wamp64\\www\\apsc_advt\\app\\Views\\add_test.php')
 3 SYSTEMPATH\View\View.php(216): CodeIgniter\View\View->CodeIgniter\View\{closure}()
 4 SYSTEMPATH\Common.php(1184): CodeIgniter\View\View->render('add_test', [], true)
 5 APPPATH\Controllers\PostTests.php(24): view('add_test', [...])
 6 SYSTEMPATH\CodeIgniter.php(934): App\Controllers\PostTests->testEntry()
 7 SYSTEMPATH\CodeIgniter.php(499): CodeIgniter\CodeIgniter->runController(Object(App\Controllers\PostTests))
 8 SYSTEMPATH\CodeIgniter.php(368): CodeIgniter\CodeIgniter->handleRequest(null, Object(Config\Cache), false)
 9 FCPATH\index.php(67): CodeIgniter\CodeIgniter->run()
