INFO - 2023-06-28 05:47:24 --> Session: Class initialized using 'CodeIgniter\Session\Handlers\FileHandler' driver.
INFO - 2023-06-28 05:47:25 --> Session: Class initialized using 'CodeIgniter\Session\Handlers\FileHandler' driver.
INFO - 2023-06-28 05:47:37 --> Session: Class initialized using 'CodeIgniter\Session\Handlers\FileHandler' driver.
INFO - 2023-06-28 05:47:48 --> CSRF token verified.
INFO - 2023-06-28 05:47:50 --> Session: Class initialized using 'CodeIgniter\Session\Handlers\FileHandler' driver.
INFO - 2023-06-28 05:51:02 --> Session: Class initialized using 'CodeIgniter\Session\Handlers\FileHandler' driver.
INFO - 2023-06-28 05:51:46 --> Session: Class initialized using 'CodeIgniter\Session\Handlers\FileHandler' driver.
INFO - 2023-06-28 05:52:11 --> Session: Class initialized using 'CodeIgniter\Session\Handlers\FileHandler' driver.
INFO - 2023-06-28 05:55:11 --> Session: Class initialized using 'CodeIgniter\Session\Handlers\FileHandler' driver.
INFO - 2023-06-28 05:55:37 --> Session: Class initialized using 'CodeIgniter\Session\Handlers\FileHandler' driver.
INFO - 2023-06-28 05:56:42 --> Session: Class initialized using 'CodeIgniter\Session\Handlers\FileHandler' driver.
INFO - 2023-06-28 05:57:50 --> Session: Class initialized using 'CodeIgniter\Session\Handlers\FileHandler' driver.
INFO - 2023-06-28 05:58:07 --> Session: Class initialized using 'CodeIgniter\Session\Handlers\FileHandler' driver.
INFO - 2023-06-28 05:58:34 --> Session: Class initialized using 'CodeIgniter\Session\Handlers\FileHandler' driver.
INFO - 2023-06-28 06:02:18 --> Session: Class initialized using 'CodeIgniter\Session\Handlers\FileHandler' driver.
INFO - 2023-06-28 06:02:50 --> Session: Class initialized using 'CodeIgniter\Session\Handlers\FileHandler' driver.
INFO - 2023-06-28 06:03:39 --> Session: Class initialized using 'CodeIgniter\Session\Handlers\FileHandler' driver.
INFO - 2023-06-28 06:06:46 --> Session: Class initialized using 'CodeIgniter\Session\Handlers\FileHandler' driver.
INFO - 2023-06-28 06:07:48 --> Session: Class initialized using 'CodeIgniter\Session\Handlers\FileHandler' driver.
INFO - 2023-06-28 06:12:40 --> Session: Class initialized using 'CodeIgniter\Session\Handlers\FileHandler' driver.
INFO - 2023-06-28 06:13:35 --> Session: Class initialized using 'CodeIgniter\Session\Handlers\FileHandler' driver.
INFO - 2023-06-28 08:40:59 --> Session: Class initialized using 'CodeIgniter\Session\Handlers\FileHandler' driver.
INFO - 2023-06-28 08:43:48 --> Session: Class initialized using 'CodeIgniter\Session\Handlers\FileHandler' driver.
INFO - 2023-06-28 08:45:04 --> Session: Class initialized using 'CodeIgniter\Session\Handlers\FileHandler' driver.
INFO - 2023-06-28 08:50:43 --> CSRF token verified.
INFO - 2023-06-28 08:50:46 --> Session: Class initialized using 'CodeIgniter\Session\Handlers\FileHandler' driver.
INFO - 2023-06-28 08:50:50 --> CSRF token verified.
INFO - 2023-06-28 08:50:54 --> Session: Class initialized using 'CodeIgniter\Session\Handlers\FileHandler' driver.
INFO - 2023-06-28 10:25:52 --> Session: Class initialized using 'CodeIgniter\Session\Handlers\FileHandler' driver.
INFO - 2023-06-28 10:32:24 --> Session: Class initialized using 'CodeIgniter\Session\Handlers\FileHandler' driver.
INFO - 2023-06-28 10:33:07 --> Session: Class initialized using 'CodeIgniter\Session\Handlers\FileHandler' driver.
INFO - 2023-06-28 10:33:32 --> Session: Class initialized using 'CodeIgniter\Session\Handlers\FileHandler' driver.
INFO - 2023-06-28 10:44:32 --> Session: Class initialized using 'CodeIgniter\Session\Handlers\FileHandler' driver.
INFO - 2023-06-28 10:45:52 --> Session: Class initialized using 'CodeIgniter\Session\Handlers\FileHandler' driver.
INFO - 2023-06-28 10:50:35 --> Session: Class initialized using 'CodeIgniter\Session\Handlers\FileHandler' driver.
INFO - 2023-06-28 11:21:34 --> Session: Class initialized using 'CodeIgniter\Session\Handlers\FileHandler' driver.
INFO - 2023-06-28 11:33:15 --> Session: Class initialized using 'CodeIgniter\Session\Handlers\FileHandler' driver.
INFO - 2023-06-28 11:33:51 --> CSRF token verified.
INFO - 2023-06-28 11:38:52 --> Session: Class initialized using 'CodeIgniter\Session\Handlers\FileHandler' driver.
INFO - 2023-06-28 11:39:24 --> CSRF token verified.
CRITICAL - 2023-06-28 11:41:48 --> The action you requested is not allowed.
in SYSTEMPATH\Security\Security.php on line 306.
 1 SYSTEMPATH\Security\Security.php(306): CodeIgniter\Security\Exceptions\SecurityException::forDisallowedAction()
 2 SYSTEMPATH\Filters\CSRF.php(55): CodeIgniter\Security\Security->verify(Object(CodeIgniter\HTTP\IncomingRequest))
 3 SYSTEMPATH\Filters\Filters.php(173): CodeIgniter\Filters\CSRF->before(Object(CodeIgniter\HTTP\IncomingRequest), null)
 4 SYSTEMPATH\CodeIgniter.php(473): CodeIgniter\Filters\Filters->run('post/create_test', 'before')
 5 SYSTEMPATH\CodeIgniter.php(368): CodeIgniter\CodeIgniter->handleRequest(null, Object(Config\Cache), false)
 6 FCPATH\index.php(67): CodeIgniter\CodeIgniter->run()
INFO - 2023-06-28 11:41:51 --> Session: Class initialized using 'CodeIgniter\Session\Handlers\FileHandler' driver.
INFO - 2023-06-28 11:41:53 --> Session: Class initialized using 'CodeIgniter\Session\Handlers\FileHandler' driver.
INFO - 2023-06-28 11:42:10 --> CSRF token verified.
INFO - 2023-06-28 11:42:14 --> Session: Class initialized using 'CodeIgniter\Session\Handlers\FileHandler' driver.
INFO - 2023-06-28 12:05:27 --> Session: Class initialized using 'CodeIgniter\Session\Handlers\FileHandler' driver.
INFO - 2023-06-28 12:06:03 --> CSRF token verified.
CRITICAL - 2023-06-28 12:33:57 --> The action you requested is not allowed.
in SYSTEMPATH\Security\Security.php on line 306.
 1 SYSTEMPATH\Security\Security.php(306): CodeIgniter\Security\Exceptions\SecurityException::forDisallowedAction()
 2 SYSTEMPATH\Filters\CSRF.php(55): CodeIgniter\Security\Security->verify(Object(CodeIgniter\HTTP\IncomingRequest))
 3 SYSTEMPATH\Filters\Filters.php(173): CodeIgniter\Filters\CSRF->before(Object(CodeIgniter\HTTP\IncomingRequest), null)
 4 SYSTEMPATH\CodeIgniter.php(473): CodeIgniter\Filters\Filters->run('post/create_test', 'before')
 5 SYSTEMPATH\CodeIgniter.php(368): CodeIgniter\CodeIgniter->handleRequest(null, Object(Config\Cache), false)
 6 FCPATH\index.php(67): CodeIgniter\CodeIgniter->run()
INFO - 2023-06-28 12:33:59 --> Session: Class initialized using 'CodeIgniter\Session\Handlers\FileHandler' driver.
INFO - 2023-06-28 12:34:16 --> CSRF token verified.
CRITICAL - 2023-06-28 12:34:16 --> array_walk(): Argument #2 ($callback) must be a valid callback, function "$this->insertDate" not found or invalid function name
in APPPATH\Controllers\PostTests.php on line 44.
 1 APPPATH\Controllers\PostTests.php(44): array_walk([...], '$this->insertDate')
 2 SYSTEMPATH\CodeIgniter.php(934): App\Controllers\PostTests->insert()
 3 SYSTEMPATH\CodeIgniter.php(499): CodeIgniter\CodeIgniter->runController(Object(App\Controllers\PostTests))
 4 SYSTEMPATH\CodeIgniter.php(368): CodeIgniter\CodeIgniter->handleRequest(null, Object(Config\Cache), false)
 5 FCPATH\index.php(67): CodeIgniter\CodeIgniter->run()
INFO - 2023-06-28 12:34:44 --> CSRF token verified.
CRITICAL - 2023-06-28 12:34:44 --> array_walk(): Argument #2 ($callback) must be a valid callback, function "insertDate" not found or invalid function name
in APPPATH\Controllers\PostTests.php on line 44.
 1 APPPATH\Controllers\PostTests.php(44): array_walk([...], 'insertDate')
 2 SYSTEMPATH\CodeIgniter.php(934): App\Controllers\PostTests->insert()
 3 SYSTEMPATH\CodeIgniter.php(499): CodeIgniter\CodeIgniter->runController(Object(App\Controllers\PostTests))
 4 SYSTEMPATH\CodeIgniter.php(368): CodeIgniter\CodeIgniter->handleRequest(null, Object(Config\Cache), false)
 5 FCPATH\index.php(67): CodeIgniter\CodeIgniter->run()
INFO - 2023-06-28 12:37:14 --> CSRF token verified.
INFO - 2023-06-28 12:47:22 --> Session: Class initialized using 'CodeIgniter\Session\Handlers\FileHandler' driver.
INFO - 2023-06-28 12:47:24 --> Session: Class initialized using 'CodeIgniter\Session\Handlers\FileHandler' driver.
INFO - 2023-06-28 12:47:59 --> CSRF token verified.
INFO - 2023-06-28 12:51:16 --> Session: Class initialized using 'CodeIgniter\Session\Handlers\FileHandler' driver.
INFO - 2023-06-28 12:51:19 --> CSRF token verified.
INFO - 2023-06-28 12:58:04 --> Session: Class initialized using 'CodeIgniter\Session\Handlers\FileHandler' driver.
INFO - 2023-06-28 12:58:07 --> CSRF token verified.
ERROR - 2023-06-28 12:58:07 --> mysqli_sql_exception: Unknown column 'test_date_1' in 'field list' in C:\wamp64\www\apsc_advt\system\Database\MySQLi\Connection.php:295
Stack trace:
#0 C:\wamp64\www\apsc_advt\system\Database\MySQLi\Connection.php(295): mysqli->query('INSERT INTO `te...', 0)
#1 C:\wamp64\www\apsc_advt\system\Database\BaseConnection.php(692): CodeIgniter\Database\MySQLi\Connection->execute('INSERT INTO `te...')
#2 C:\wamp64\www\apsc_advt\system\Database\BaseConnection.php(606): CodeIgniter\Database\BaseConnection->simpleQuery('INSERT INTO `te...')
#3 C:\wamp64\www\apsc_advt\system\Database\BaseBuilder.php(2309): CodeIgniter\Database\BaseConnection->query('INSERT INTO `te...', Array, false)
#4 C:\wamp64\www\apsc_advt\app\Controllers\PostTests.php(49): CodeIgniter\Database\BaseBuilder->insert(Array)
#5 C:\wamp64\www\apsc_advt\system\CodeIgniter.php(934): App\Controllers\PostTests->insert()
#6 C:\wamp64\www\apsc_advt\system\CodeIgniter.php(499): CodeIgniter\CodeIgniter->runController(Object(App\Controllers\PostTests))
#7 C:\wamp64\www\apsc_advt\system\CodeIgniter.php(368): CodeIgniter\CodeIgniter->handleRequest(NULL, Object(Config\Cache), false)
#8 C:\wamp64\www\apsc_advt\public\index.php(67): CodeIgniter\CodeIgniter->run()
#9 {main}
CRITICAL - 2023-06-28 12:58:07 --> Unknown column 'test_date_1' in 'field list'
in SYSTEMPATH\Database\MySQLi\Connection.php on line 295.
 1 SYSTEMPATH\Database\MySQLi\Connection.php(295): mysqli->query('INSERT INTO `tests` (`post_id`, `type`, `test_notif_link`, `test_notif_no`, `test_notif_date`, `test_date_1`) VALUES (\'5\', \'omr\', \'https://apsc.nic.in/notif_2023/Notif_AE(C)_PWRD_PW(B&NH)_01_2023_22062023.pdf\', \'78/PSC-II(XI)/2023-2026\', \'15/12/2023\', \'12-10-2015\')', 0)
 2 SYSTEMPATH\Database\BaseConnection.php(692): CodeIgniter\Database\MySQLi\Connection->execute('INSERT INTO `tests` (`post_id`, `type`, `test_notif_link`, `test_notif_no`, `test_notif_date`, `test_date_1`) VALUES (\'5\', \'omr\', \'https://apsc.nic.in/notif_2023/Notif_AE(C)_PWRD_PW(B&NH)_01_2023_22062023.pdf\', \'78/PSC-II(XI)/2023-2026\', \'15/12/2023\', \'12-10-2015\')')
 3 SYSTEMPATH\Database\BaseConnection.php(606): CodeIgniter\Database\BaseConnection->simpleQuery('INSERT INTO `tests` (`post_id`, `type`, `test_notif_link`, `test_notif_no`, `test_notif_date`, `test_date_1`) VALUES (\'5\', \'omr\', \'https://apsc.nic.in/notif_2023/Notif_AE(C)_PWRD_PW(B&NH)_01_2023_22062023.pdf\', \'78/PSC-II(XI)/2023-2026\', \'15/12/2023\', \'12-10-2015\')')
 4 SYSTEMPATH\Database\BaseBuilder.php(2309): CodeIgniter\Database\BaseConnection->query('INSERT INTO `tests` (`post_id`, `type`, `test_notif_link`, `test_notif_no`, `test_notif_date`, `test_date_1`) VALUES (:post_id:, :type:, :test_notif_link:, :test_notif_no:, :test_notif_date:, :test_date_1:)', [...], false)
 5 APPPATH\Controllers\PostTests.php(49): CodeIgniter\Database\BaseBuilder->insert([...])
 6 SYSTEMPATH\CodeIgniter.php(934): App\Controllers\PostTests->insert()
 7 SYSTEMPATH\CodeIgniter.php(499): CodeIgniter\CodeIgniter->runController(Object(App\Controllers\PostTests))
 8 SYSTEMPATH\CodeIgniter.php(368): CodeIgniter\CodeIgniter->handleRequest(null, Object(Config\Cache), false)
 9 FCPATH\index.php(67): CodeIgniter\CodeIgniter->run()
INFO - 2023-06-28 13:04:10 --> Session: Class initialized using 'CodeIgniter\Session\Handlers\FileHandler' driver.
INFO - 2023-06-28 13:04:12 --> CSRF token verified.
INFO - 2023-06-28 13:06:22 --> Session: Class initialized using 'CodeIgniter\Session\Handlers\FileHandler' driver.
INFO - 2023-06-28 13:06:42 --> CSRF token verified.
INFO - 2023-06-28 13:12:24 --> Session: Class initialized using 'CodeIgniter\Session\Handlers\FileHandler' driver.
INFO - 2023-06-28 13:12:26 --> CSRF token verified.
INFO - 2023-06-28 13:15:41 --> Session: Class initialized using 'CodeIgniter\Session\Handlers\FileHandler' driver.
INFO - 2023-06-28 13:15:43 --> CSRF token verified.
INFO - 2023-06-28 13:16:14 --> Session: Class initialized using 'CodeIgniter\Session\Handlers\FileHandler' driver.
INFO - 2023-06-28 13:16:25 --> CSRF token verified.
INFO - 2023-06-28 13:25:44 --> Session: Class initialized using 'CodeIgniter\Session\Handlers\FileHandler' driver.
INFO - 2023-06-28 13:26:18 --> CSRF token verified.
ERROR - 2023-06-28 13:26:18 --> mysqli_sql_exception: Duplicate entry '0' for key 'test_dates.PRIMARY' in C:\wamp64\www\apsc_advt\system\Database\MySQLi\Connection.php:295
Stack trace:
#0 C:\wamp64\www\apsc_advt\system\Database\MySQLi\Connection.php(295): mysqli->query('INSERT INTO `te...', 0)
#1 C:\wamp64\www\apsc_advt\system\Database\BaseConnection.php(692): CodeIgniter\Database\MySQLi\Connection->execute('INSERT INTO `te...')
#2 C:\wamp64\www\apsc_advt\system\Database\BaseConnection.php(606): CodeIgniter\Database\BaseConnection->simpleQuery('INSERT INTO `te...')
#3 C:\wamp64\www\apsc_advt\system\Database\BaseBuilder.php(2309): CodeIgniter\Database\BaseConnection->query('INSERT INTO `te...', Array, false)
#4 C:\wamp64\www\apsc_advt\app\Controllers\PostTests.php(67): CodeIgniter\Database\BaseBuilder->insert(Array)
#5 C:\wamp64\www\apsc_advt\system\CodeIgniter.php(934): App\Controllers\PostTests->insert()
#6 C:\wamp64\www\apsc_advt\system\CodeIgniter.php(499): CodeIgniter\CodeIgniter->runController(Object(App\Controllers\PostTests))
#7 C:\wamp64\www\apsc_advt\system\CodeIgniter.php(368): CodeIgniter\CodeIgniter->handleRequest(NULL, Object(Config\Cache), false)
#8 C:\wamp64\www\apsc_advt\public\index.php(67): CodeIgniter\CodeIgniter->run()
#9 {main}
INFO - 2023-06-28 13:31:03 --> Session: Class initialized using 'CodeIgniter\Session\Handlers\FileHandler' driver.
INFO - 2023-06-28 13:31:16 --> CSRF token verified.
INFO - 2023-06-28 13:32:40 --> Session: Class initialized using 'CodeIgniter\Session\Handlers\FileHandler' driver.
INFO - 2023-06-28 13:32:47 --> CSRF token verified.
CRITICAL - 2023-06-28 13:32:47 --> Call to a member function commit() on bool
in SYSTEMPATH\Database\MySQLi\Connection.php on line 595.
 1 SYSTEMPATH\Database\BaseConnection.php(828): CodeIgniter\Database\MySQLi\Connection->_transCommit()
 2 SYSTEMPATH\Database\BaseConnection.php(773): CodeIgniter\Database\BaseConnection->transCommit()
 3 APPPATH\Controllers\PostTests.php(73): CodeIgniter\Database\BaseConnection->transComplete()
 4 SYSTEMPATH\CodeIgniter.php(934): App\Controllers\PostTests->insert()
 5 SYSTEMPATH\CodeIgniter.php(499): CodeIgniter\CodeIgniter->runController(Object(App\Controllers\PostTests))
 6 SYSTEMPATH\CodeIgniter.php(368): CodeIgniter\CodeIgniter->handleRequest(null, Object(Config\Cache), false)
 7 FCPATH\index.php(67): CodeIgniter\CodeIgniter->run()
INFO - 2023-06-28 13:33:33 --> CSRF token verified.
