INFO - 2023-05-22 07:11:06 --> Session: Class initialized using 'CodeIgniter\Session\Handlers\FileHandler' driver.
CRITICAL - 2023-05-22 07:15:18 --> Trying to access array offset on value of type null
in APPPATH\Controllers\Advertisements.php on line 53.
 1 APPPATH\Controllers\Advertisements.php(53): CodeIgniter\Debug\Exceptions->errorHandler(8, 'Trying to access array offset on value of type null', 'D:\\SOFTWARE\\xampp\\htdocs\\apsc_advt\\app\\Controllers\\Advertisements.php', 53, [...])
 2 SYSTEMPATH\CodeIgniter.php(934): App\Controllers\Advertisements->advtById('23')
 3 SYSTEMPATH\CodeIgniter.php(499): CodeIgniter\CodeIgniter->runController(Object(App\Controllers\Advertisements))
 4 SYSTEMPATH\CodeIgniter.php(368): CodeIgniter\CodeIgniter->handleRequest(null, Object(Config\Cache), false)
 5 FCPATH\index.php(67): CodeIgniter\CodeIgniter->run()
CRITICAL - 2023-05-22 07:28:55 --> Trying to access array offset on value of type null
in APPPATH\Controllers\Advertisements.php on line 53.
 1 APPPATH\Controllers\Advertisements.php(53): CodeIgniter\Debug\Exceptions->errorHandler(8, 'Trying to access array offset on value of type null', 'D:\\SOFTWARE\\xampp\\htdocs\\apsc_advt\\app\\Controllers\\Advertisements.php', 53, [...])
 2 SYSTEMPATH\CodeIgniter.php(934): App\Controllers\Advertisements->advtById('4')
 3 SYSTEMPATH\CodeIgniter.php(499): CodeIgniter\CodeIgniter->runController(Object(App\Controllers\Advertisements))
 4 SYSTEMPATH\CodeIgniter.php(368): CodeIgniter\CodeIgniter->handleRequest(null, Object(Config\Cache), false)
 5 FCPATH\index.php(67): CodeIgniter\CodeIgniter->run()
CRITICAL - 2023-05-22 07:29:52 --> Cannot use object of type App\Entities\Advt as array
in APPPATH\Controllers\Advertisements.php on line 53.
 1 SYSTEMPATH\CodeIgniter.php(934): App\Controllers\Advertisements->advtById('4')
 2 SYSTEMPATH\CodeIgniter.php(499): CodeIgniter\CodeIgniter->runController(Object(App\Controllers\Advertisements))
 3 SYSTEMPATH\CodeIgniter.php(368): CodeIgniter\CodeIgniter->handleRequest(null, Object(Config\Cache), false)
 4 FCPATH\index.php(67): CodeIgniter\CodeIgniter->run()
CRITICAL - 2023-05-22 10:17:22 --> Object of class App\Entities\Advt could not be converted to string
in APPPATH\Controllers\Advertisements.php on line 53.
 1 SYSTEMPATH\CodeIgniter.php(934): App\Controllers\Advertisements->advtById('4')
 2 SYSTEMPATH\CodeIgniter.php(499): CodeIgniter\CodeIgniter->runController(Object(App\Controllers\Advertisements))
 3 SYSTEMPATH\CodeIgniter.php(368): CodeIgniter\CodeIgniter->handleRequest(null, Object(Config\Cache), false)
 4 FCPATH\index.php(67): CodeIgniter\CodeIgniter->run()
CRITICAL - 2023-05-22 10:20:21 --> Cannot use object of type App\Entities\Advt as array
in APPPATH\Controllers\Advertisements.php on line 53.
 1 SYSTEMPATH\CodeIgniter.php(934): App\Controllers\Advertisements->advtById('4')
 2 SYSTEMPATH\CodeIgniter.php(499): CodeIgniter\CodeIgniter->runController(Object(App\Controllers\Advertisements))
 3 SYSTEMPATH\CodeIgniter.php(368): CodeIgniter\CodeIgniter->handleRequest(null, Object(Config\Cache), false)
 4 FCPATH\index.php(67): CodeIgniter\CodeIgniter->run()
CRITICAL - 2023-05-22 10:38:18 --> Trying to get property 'attributes' of non-object
in APPPATH\Controllers\Advertisements.php on line 53.
 1 APPPATH\Controllers\Advertisements.php(53): CodeIgniter\Debug\Exceptions->errorHandler(8, 'Trying to get property \'attributes\' of non-object', 'D:\\SOFTWARE\\xampp\\htdocs\\apsc_advt\\app\\Controllers\\Advertisements.php', 53, [...])
 2 SYSTEMPATH\CodeIgniter.php(934): App\Controllers\Advertisements->advtById('nayan')
 3 SYSTEMPATH\CodeIgniter.php(499): CodeIgniter\CodeIgniter->runController(Object(App\Controllers\Advertisements))
 4 SYSTEMPATH\CodeIgniter.php(368): CodeIgniter\CodeIgniter->handleRequest(null, Object(Config\Cache), false)
 5 FCPATH\index.php(67): CodeIgniter\CodeIgniter->run()
CRITICAL - 2023-05-22 10:44:27 --> Trying to get property 'post_id' of non-object
in APPPATH\Controllers\Advertisements.php on line 52.
 1 APPPATH\Controllers\Advertisements.php(52): CodeIgniter\Debug\Exceptions->errorHandler(8, 'Trying to get property \'post_id\' of non-object', 'D:\\SOFTWARE\\xampp\\htdocs\\apsc_advt\\app\\Controllers\\Advertisements.php', 52, [...])
 2 SYSTEMPATH\CodeIgniter.php(934): App\Controllers\Advertisements->advtById('nayan')
 3 SYSTEMPATH\CodeIgniter.php(499): CodeIgniter\CodeIgniter->runController(Object(App\Controllers\Advertisements))
 4 SYSTEMPATH\CodeIgniter.php(368): CodeIgniter\CodeIgniter->handleRequest(null, Object(Config\Cache), false)
 5 FCPATH\index.php(67): CodeIgniter\CodeIgniter->run()
CRITICAL - 2023-05-22 10:46:02 --> Uncaught Error: Object of class App\Entities\Advt could not be converted to string in D:\SOFTWARE\xampp\htdocs\apsc_advt\app\Controllers\Advertisements.php:51
Stack trace:
#0 D:\SOFTWARE\xampp\htdocs\apsc_advt\system\CodeIgniter.php(934): App\Controllers\Advertisements->advtById('4')
#1 D:\SOFTWARE\xampp\htdocs\apsc_advt\system\CodeIgniter.php(499): CodeIgniter\CodeIgniter->runController(Object(App\Controllers\Advertisements))
#2 D:\SOFTWARE\xampp\htdocs\apsc_advt\system\CodeIgniter.php(368): CodeIgniter\CodeIgniter->handleRequest(NULL, Object(Config\Cache), false)
#3 D:\SOFTWARE\xampp\htdocs\apsc_advt\public\index.php(67): CodeIgniter\CodeIgniter->run()
#4 {main}
  thrown
in APPPATH\Controllers\Advertisements.php on line 51.
 1 [internal function]: CodeIgniter\Debug\Exceptions->shutdownHandler()
CRITICAL - 2023-05-22 10:48:07 --> Trying to get property 'post_id' of non-object
in APPPATH\Controllers\Advertisements.php on line 52.
 1 APPPATH\Controllers\Advertisements.php(52): CodeIgniter\Debug\Exceptions->errorHandler(8, 'Trying to get property \'post_id\' of non-object', 'D:\\SOFTWARE\\xampp\\htdocs\\apsc_advt\\app\\Controllers\\Advertisements.php', 52, [...])
 2 SYSTEMPATH\CodeIgniter.php(934): App\Controllers\Advertisements->advtById('636')
 3 SYSTEMPATH\CodeIgniter.php(499): CodeIgniter\CodeIgniter->runController(Object(App\Controllers\Advertisements))
 4 SYSTEMPATH\CodeIgniter.php(368): CodeIgniter\CodeIgniter->handleRequest(null, Object(Config\Cache), false)
 5 FCPATH\index.php(67): CodeIgniter\CodeIgniter->run()
CRITICAL - 2023-05-22 10:49:43 --> Trying to get property 'post_id' of non-object
in APPPATH\Controllers\Advertisements.php on line 55.
 1 APPPATH\Controllers\Advertisements.php(55): CodeIgniter\Debug\Exceptions->errorHandler(8, 'Trying to get property \'post_id\' of non-object', 'D:\\SOFTWARE\\xampp\\htdocs\\apsc_advt\\app\\Controllers\\Advertisements.php', 55, [...])
 2 SYSTEMPATH\CodeIgniter.php(934): App\Controllers\Advertisements->advtById('636')
 3 SYSTEMPATH\CodeIgniter.php(499): CodeIgniter\CodeIgniter->runController(Object(App\Controllers\Advertisements))
 4 SYSTEMPATH\CodeIgniter.php(368): CodeIgniter\CodeIgniter->handleRequest(null, Object(Config\Cache), false)
 5 FCPATH\index.php(67): CodeIgniter\CodeIgniter->run()
CRITICAL - 2023-05-22 11:09:58 --> Trying to get property 'post_id' of non-object
in APPPATH\Controllers\Advertisements.php on line 52.
 1 APPPATH\Controllers\Advertisements.php(52): CodeIgniter\Debug\Exceptions->errorHandler(8, 'Trying to get property \'post_id\' of non-object', 'D:\\SOFTWARE\\xampp\\htdocs\\apsc_advt\\app\\Controllers\\Advertisements.php', 52, [...])
 2 SYSTEMPATH\CodeIgniter.php(934): App\Controllers\Advertisements->advtById('636')
 3 SYSTEMPATH\CodeIgniter.php(499): CodeIgniter\CodeIgniter->runController(Object(App\Controllers\Advertisements))
 4 SYSTEMPATH\CodeIgniter.php(368): CodeIgniter\CodeIgniter->handleRequest(null, Object(Config\Cache), false)
 5 FCPATH\index.php(67): CodeIgniter\CodeIgniter->run()
