CRITICAL - 2023-05-29 08:58:12 --> Call to undefined function form_open()
in APPPATH\Views\advt_entry\add_advt.php on line 26.
 1 SYSTEMPATH\View\View.php(213): include()
 2 SYSTEMPATH\View\View.php(216): CodeIgniter\View\View->CodeIgniter\View\{closure}()
 3 SYSTEMPATH\Common.php(1184): CodeIgniter\View\View->render('advt_entry/add_advt', [], true)
 4 APPPATH\Controllers\Advertisements.php(21): view('advt_entry/add_advt', [...])
 5 SYSTEMPATH\CodeIgniter.php(934): App\Controllers\Advertisements->create()
 6 SYSTEMPATH\CodeIgniter.php(499): CodeIgniter\CodeIgniter->runController(Object(App\Controllers\Advertisements))
 7 SYSTEMPATH\CodeIgniter.php(368): CodeIgniter\CodeIgniter->handleRequest(null, Object(Config\Cache), false)
 8 FCPATH\index.php(67): CodeIgniter\CodeIgniter->run()
INFO - 2023-05-29 09:46:20 --> CSRF token verified.
INFO - 2023-05-29 10:44:23 --> CSRF token verified.
INFO - 2023-05-29 10:50:21 --> CSRF token verified.
INFO - 2023-05-29 10:58:54 --> CSRF token verified.
CRITICAL - 2023-05-29 11:25:58 --> The action you requested is not allowed.
in SYSTEMPATH\Security\Security.php on line 306.
 1 SYSTEMPATH\Security\Security.php(306): CodeIgniter\Security\Exceptions\SecurityException::forDisallowedAction()
 2 SYSTEMPATH\Filters\CSRF.php(55): CodeIgniter\Security\Security->verify(Object(CodeIgniter\HTTP\IncomingRequest))
 3 SYSTEMPATH\Filters\Filters.php(173): CodeIgniter\Filters\CSRF->before(Object(CodeIgniter\HTTP\IncomingRequest), null)
 4 SYSTEMPATH\CodeIgniter.php(473): CodeIgniter\Filters\Filters->run('create', 'before')
 5 SYSTEMPATH\CodeIgniter.php(368): CodeIgniter\CodeIgniter->handleRequest(null, Object(Config\Cache), false)
 6 FCPATH\index.php(67): CodeIgniter\CodeIgniter->run()
INFO - 2023-05-29 11:34:19 --> CSRF token verified.
INFO - 2023-05-29 11:34:42 --> CSRF token verified.
INFO - 2023-05-29 12:00:34 --> CSRF token verified.
INFO - 2023-05-29 12:02:18 --> CSRF token verified.
INFO - 2023-05-29 12:03:42 --> CSRF token verified.
